[0.167s] DEBUG:colcon:Command line arguments: ['/usr/bin/colcon', 'build', '--packages-select', 'f16_hud_rviz_plugin']
[0.167s] DEBUG:colcon:Parsed command line arguments: Namespace(log_base=None, log_level=None, verb_name='build', build_base='build', install_base='install', merge_install=False, symlink_install=False, test_result_base=None, continue_on_error=False, executor='parallel', parallel_workers=12, event_handlers=None, ignore_user_meta=False, metas=['./colcon.meta'], base_paths=['.'], packages_ignore=None, packages_ignore_regex=None, paths=None, packages_up_to=None, packages_up_to_regex=None, packages_above=None, packages_above_and_dependencies=None, packages_above_depth=None, packages_select_by_dep=None, packages_skip_by_dep=None, packages_skip_up_to=None, packages_select_build_failed=False, packages_skip_build_finished=False, packages_select_test_failures=False, packages_skip_test_passed=False, packages_select=['f16_hud_rviz_plugin'], packages_skip=None, packages_select_regex=None, packages_skip_regex=None, packages_start=None, packages_end=None, allow_overriding=[], cmake_args=None, cmake_target=None, cmake_target_skip_unavailable=False, cmake_clean_cache=False, cmake_clean_first=False, cmake_force_configure=False, ament_cmake_args=None, catkin_cmake_args=None, catkin_skip_building_tests=False, mixin_files=None, mixin=None, verb_parser=<colcon_mixin.mixin.mixin_argument.MixinArgumentDecorator object at 0x70b8014cb9e0>, verb_extension=<colcon_core.verb.build.BuildVerb object at 0x70b801421e50>, main=<bound method BuildVerb.main of <colcon_core.verb.build.BuildVerb object at 0x70b801421e50>>, mixin_verb=('build',))
[0.195s] Level 1:colcon.colcon_core.package_discovery:discover_packages(colcon_meta) check parameters
[0.195s] Level 1:colcon.colcon_core.package_discovery:discover_packages(recursive) check parameters
[0.195s] Level 1:colcon.colcon_core.package_discovery:discover_packages(ignore) check parameters
[0.195s] Level 1:colcon.colcon_core.package_discovery:discover_packages(path) check parameters
[0.195s] Level 1:colcon.colcon_core.package_discovery:discover_packages(colcon_meta) discover
[0.195s] Level 1:colcon.colcon_core.package_discovery:discover_packages(recursive) discover
[0.195s] INFO:colcon.colcon_core.package_discovery:Crawling recursively for packages in '/home/dingo/Programming/rviz2_imu_display_plugin'
[0.195s] Level 1:colcon.colcon_core.package_identification:_identify(.) by extensions ['ignore', 'ignore_ament_install']
[0.195s] Level 1:colcon.colcon_core.package_identification:_identify(.) by extension 'ignore'
[0.195s] Level 1:colcon.colcon_core.package_identification:_identify(.) by extension 'ignore_ament_install'
[0.195s] Level 1:colcon.colcon_core.package_identification:_identify(.) by extensions ['colcon_pkg']
[0.195s] Level 1:colcon.colcon_core.package_identification:_identify(.) by extension 'colcon_pkg'
[0.195s] Level 1:colcon.colcon_core.package_identification:_identify(.) by extensions ['colcon_meta']
[0.195s] Level 1:colcon.colcon_core.package_identification:_identify(.) by extension 'colcon_meta'
[0.195s] Level 1:colcon.colcon_core.package_identification:_identify(.) by extensions ['ros']
[0.195s] Level 1:colcon.colcon_core.package_identification:_identify(.) by extension 'ros'
[0.214s] DEBUG:colcon.colcon_core.package_identification:Package '.' with type 'ros.ament_cmake' and name 'f16_hud_rviz_plugin'
[0.214s] Level 1:colcon.colcon_core.package_discovery:discover_packages(recursive) using defaults
[0.214s] Level 1:colcon.colcon_core.package_discovery:discover_packages(ignore) discover
[0.214s] Level 1:colcon.colcon_core.package_discovery:discover_packages(ignore) using defaults
[0.214s] Level 1:colcon.colcon_core.package_discovery:discover_packages(path) discover
[0.214s] Level 1:colcon.colcon_core.package_discovery:discover_packages(path) using defaults
[0.227s] Level 1:colcon.colcon_core.package_discovery:discover_packages(prefix_path) check parameters
[0.227s] Level 1:colcon.colcon_core.package_discovery:discover_packages(prefix_path) discover
[0.230s] DEBUG:colcon.colcon_installed_package_information.package_discovery:Found 1 installed packages in /home/dingo/Programming/rviz2_imu_display_plugin/install
[0.230s] DEBUG:colcon.colcon_installed_package_information.package_discovery:Found 1 installed packages in /home/dingo/turtlebot3_ws/install
[0.231s] DEBUG:colcon.colcon_installed_package_information.package_discovery:Found 383 installed packages in /opt/ros/jazzy
[0.232s] Level 1:colcon.colcon_core.package_discovery:discover_packages(prefix_path) using defaults
[0.260s] Level 5:colcon.colcon_core.verb:set package 'f16_hud_rviz_plugin' build argument 'cmake_args' from command line to 'None'
[0.260s] Level 5:colcon.colcon_core.verb:set package 'f16_hud_rviz_plugin' build argument 'cmake_target' from command line to 'None'
[0.260s] Level 5:colcon.colcon_core.verb:set package 'f16_hud_rviz_plugin' build argument 'cmake_target_skip_unavailable' from command line to 'False'
[0.260s] Level 5:colcon.colcon_core.verb:set package 'f16_hud_rviz_plugin' build argument 'cmake_clean_cache' from command line to 'False'
[0.260s] Level 5:colcon.colcon_core.verb:set package 'f16_hud_rviz_plugin' build argument 'cmake_clean_first' from command line to 'False'
[0.260s] Level 5:colcon.colcon_core.verb:set package 'f16_hud_rviz_plugin' build argument 'cmake_force_configure' from command line to 'False'
[0.260s] Level 5:colcon.colcon_core.verb:set package 'f16_hud_rviz_plugin' build argument 'ament_cmake_args' from command line to 'None'
[0.260s] Level 5:colcon.colcon_core.verb:set package 'f16_hud_rviz_plugin' build argument 'catkin_cmake_args' from command line to 'None'
[0.260s] Level 5:colcon.colcon_core.verb:set package 'f16_hud_rviz_plugin' build argument 'catkin_skip_building_tests' from command line to 'False'
[0.260s] DEBUG:colcon.colcon_core.verb:Building package 'f16_hud_rviz_plugin' with the following arguments: {'ament_cmake_args': None, 'build_base': '/home/dingo/Programming/rviz2_imu_display_plugin/build/f16_hud_rviz_plugin', 'catkin_cmake_args': None, 'catkin_skip_building_tests': False, 'cmake_args': None, 'cmake_clean_cache': False, 'cmake_clean_first': False, 'cmake_force_configure': False, 'cmake_target': None, 'cmake_target_skip_unavailable': False, 'install_base': '/home/dingo/Programming/rviz2_imu_display_plugin/install/f16_hud_rviz_plugin', 'merge_install': False, 'path': '/home/dingo/Programming/rviz2_imu_display_plugin', 'symlink_install': False, 'test_result_base': None}
[0.260s] INFO:colcon.colcon_core.executor:Executing jobs using 'parallel' executor
[0.260s] DEBUG:colcon.colcon_parallel_executor.executor.parallel:run_until_complete
[0.261s] INFO:colcon.colcon_ros.task.ament_cmake.build:Building ROS package in '/home/dingo/Programming/rviz2_imu_display_plugin' with build type 'ament_cmake'
[0.261s] INFO:colcon.colcon_cmake.task.cmake.build:Building CMake package in '/home/dingo/Programming/rviz2_imu_display_plugin'
[0.264s] INFO:colcon.colcon_core.plugin_system:Skipping extension 'colcon_core.shell.bat': Not used on non-Windows systems
[0.264s] INFO:colcon.colcon_core.shell:Skip shell extension 'powershell' for command environment: Not usable outside of PowerShell
[0.265s] DEBUG:colcon.colcon_core.shell:Skip shell extension 'dsv' for command environment
[0.272s] DEBUG:colcon.colcon_core.event_handler.log_command:Invoking command in '/home/dingo/Programming/rviz2_imu_display_plugin/build/f16_hud_rviz_plugin': CMAKE_PREFIX_PATH=${CMAKE_PREFIX_PATH}:/opt/ros/jazzy DEBUGINFOD_URLS=https://debuginfod.ubuntu.com /usr/bin/cmake --build /home/dingo/Programming/rviz2_imu_display_plugin/build/f16_hud_rviz_plugin -- -j12 -l12
[0.399s] DEBUG:colcon.colcon_core.event_handler.log_command:Invoked command in '/home/dingo/Programming/rviz2_imu_display_plugin/build/f16_hud_rviz_plugin' returned '0': CMAKE_PREFIX_PATH=${CMAKE_PREFIX_PATH}:/opt/ros/jazzy DEBUGINFOD_URLS=https://debuginfod.ubuntu.com /usr/bin/cmake --build /home/dingo/Programming/rviz2_imu_display_plugin/build/f16_hud_rviz_plugin -- -j12 -l12
[0.407s] DEBUG:colcon.colcon_core.event_handler.log_command:Invoking command in '/home/dingo/Programming/rviz2_imu_display_plugin/build/f16_hud_rviz_plugin': CMAKE_PREFIX_PATH=${CMAKE_PREFIX_PATH}:/opt/ros/jazzy DEBUGINFOD_URLS=https://debuginfod.ubuntu.com /usr/bin/cmake --install /home/dingo/Programming/rviz2_imu_display_plugin/build/f16_hud_rviz_plugin
[0.420s] Level 1:colcon.colcon_core.environment:create_environment_scripts_only(f16_hud_rviz_plugin)
[0.420s] DEBUG:colcon.colcon_core.event_handler.log_command:Invoked command in '/home/dingo/Programming/rviz2_imu_display_plugin/build/f16_hud_rviz_plugin' returned '0': CMAKE_PREFIX_PATH=${CMAKE_PREFIX_PATH}:/opt/ros/jazzy DEBUGINFOD_URLS=https://debuginfod.ubuntu.com /usr/bin/cmake --install /home/dingo/Programming/rviz2_imu_display_plugin/build/f16_hud_rviz_plugin
[0.425s] Level 1:colcon.colcon_core.environment:checking '/home/dingo/Programming/rviz2_imu_display_plugin/install/f16_hud_rviz_plugin' for CMake module files
[0.425s] Level 1:colcon.colcon_core.environment:checking '/home/dingo/Programming/rviz2_imu_display_plugin/install/f16_hud_rviz_plugin' for CMake config files
[0.425s] Level 1:colcon.colcon_core.shell:create_environment_hook('f16_hud_rviz_plugin', 'cmake_prefix_path')
[0.426s] INFO:colcon.colcon_core.shell:Creating environment hook '/home/dingo/Programming/rviz2_imu_display_plugin/install/f16_hud_rviz_plugin/share/f16_hud_rviz_plugin/hook/cmake_prefix_path.ps1'
[0.426s] INFO:colcon.colcon_core.shell:Creating environment descriptor '/home/dingo/Programming/rviz2_imu_display_plugin/install/f16_hud_rviz_plugin/share/f16_hud_rviz_plugin/hook/cmake_prefix_path.dsv'
[0.427s] INFO:colcon.colcon_core.shell:Creating environment hook '/home/dingo/Programming/rviz2_imu_display_plugin/install/f16_hud_rviz_plugin/share/f16_hud_rviz_plugin/hook/cmake_prefix_path.sh'
[0.428s] Level 1:colcon.colcon_core.environment:checking '/home/dingo/Programming/rviz2_imu_display_plugin/install/f16_hud_rviz_plugin/lib'
[0.428s] Level 1:colcon.colcon_core.shell:create_environment_hook('f16_hud_rviz_plugin', 'ld_library_path_lib')
[0.428s] INFO:colcon.colcon_core.shell:Creating environment hook '/home/dingo/Programming/rviz2_imu_display_plugin/install/f16_hud_rviz_plugin/share/f16_hud_rviz_plugin/hook/ld_library_path_lib.ps1'
[0.428s] INFO:colcon.colcon_core.shell:Creating environment descriptor '/home/dingo/Programming/rviz2_imu_display_plugin/install/f16_hud_rviz_plugin/share/f16_hud_rviz_plugin/hook/ld_library_path_lib.dsv'
[0.428s] INFO:colcon.colcon_core.shell:Creating environment hook '/home/dingo/Programming/rviz2_imu_display_plugin/install/f16_hud_rviz_plugin/share/f16_hud_rviz_plugin/hook/ld_library_path_lib.sh'
[0.429s] Level 1:colcon.colcon_core.environment:checking '/home/dingo/Programming/rviz2_imu_display_plugin/install/f16_hud_rviz_plugin/bin'
[0.429s] Level 1:colcon.colcon_core.shell:create_environment_hook('f16_hud_rviz_plugin', 'path')
[0.429s] INFO:colcon.colcon_core.shell:Creating environment hook '/home/dingo/Programming/rviz2_imu_display_plugin/install/f16_hud_rviz_plugin/share/f16_hud_rviz_plugin/hook/path.ps1'
[0.429s] INFO:colcon.colcon_core.shell:Creating environment descriptor '/home/dingo/Programming/rviz2_imu_display_plugin/install/f16_hud_rviz_plugin/share/f16_hud_rviz_plugin/hook/path.dsv'
[0.429s] INFO:colcon.colcon_core.shell:Creating environment hook '/home/dingo/Programming/rviz2_imu_display_plugin/install/f16_hud_rviz_plugin/share/f16_hud_rviz_plugin/hook/path.sh'
[0.429s] Level 1:colcon.colcon_core.environment:checking '/home/dingo/Programming/rviz2_imu_display_plugin/install/f16_hud_rviz_plugin/lib/pkgconfig/f16_hud_rviz_plugin.pc'
[0.429s] Level 1:colcon.colcon_core.environment:checking '/home/dingo/Programming/rviz2_imu_display_plugin/install/f16_hud_rviz_plugin/lib/python3.12/site-packages'
[0.430s] Level 1:colcon.colcon_core.environment:checking '/home/dingo/Programming/rviz2_imu_display_plugin/install/f16_hud_rviz_plugin/bin'
[0.430s] Level 1:colcon.colcon_core.shell:create_environment_hook('f16_hud_rviz_plugin', 'pythonscriptspath')
[0.430s] INFO:colcon.colcon_core.shell:Creating environment hook '/home/dingo/Programming/rviz2_imu_display_plugin/install/f16_hud_rviz_plugin/share/f16_hud_rviz_plugin/hook/pythonscriptspath.ps1'
[0.430s] INFO:colcon.colcon_core.shell:Creating environment descriptor '/home/dingo/Programming/rviz2_imu_display_plugin/install/f16_hud_rviz_plugin/share/f16_hud_rviz_plugin/hook/pythonscriptspath.dsv'
[0.430s] INFO:colcon.colcon_core.shell:Creating environment hook '/home/dingo/Programming/rviz2_imu_display_plugin/install/f16_hud_rviz_plugin/share/f16_hud_rviz_plugin/hook/pythonscriptspath.sh'
[0.430s] INFO:colcon.colcon_core.shell:Creating package script '/home/dingo/Programming/rviz2_imu_display_plugin/install/f16_hud_rviz_plugin/share/f16_hud_rviz_plugin/package.ps1'
[0.431s] INFO:colcon.colcon_core.shell:Creating package descriptor '/home/dingo/Programming/rviz2_imu_display_plugin/install/f16_hud_rviz_plugin/share/f16_hud_rviz_plugin/package.dsv'
[0.431s] INFO:colcon.colcon_core.shell:Creating package script '/home/dingo/Programming/rviz2_imu_display_plugin/install/f16_hud_rviz_plugin/share/f16_hud_rviz_plugin/package.sh'
[0.432s] INFO:colcon.colcon_core.shell:Creating package script '/home/dingo/Programming/rviz2_imu_display_plugin/install/f16_hud_rviz_plugin/share/f16_hud_rviz_plugin/package.bash'
[0.432s] INFO:colcon.colcon_core.shell:Creating package script '/home/dingo/Programming/rviz2_imu_display_plugin/install/f16_hud_rviz_plugin/share/f16_hud_rviz_plugin/package.zsh'
[0.432s] Level 1:colcon.colcon_core.environment:create_file_with_runtime_dependencies(/home/dingo/Programming/rviz2_imu_display_plugin/install/f16_hud_rviz_plugin/share/colcon-core/packages/f16_hud_rviz_plugin)
[0.432s] Level 1:colcon.colcon_core.environment:create_environment_scripts_only(f16_hud_rviz_plugin)
[0.433s] Level 1:colcon.colcon_core.environment:checking '/home/dingo/Programming/rviz2_imu_display_plugin/install/f16_hud_rviz_plugin' for CMake module files
[0.433s] Level 1:colcon.colcon_core.environment:checking '/home/dingo/Programming/rviz2_imu_display_plugin/install/f16_hud_rviz_plugin' for CMake config files
[0.433s] Level 1:colcon.colcon_core.shell:create_environment_hook('f16_hud_rviz_plugin', 'cmake_prefix_path')
[0.433s] INFO:colcon.colcon_core.shell:Creating environment hook '/home/dingo/Programming/rviz2_imu_display_plugin/install/f16_hud_rviz_plugin/share/f16_hud_rviz_plugin/hook/cmake_prefix_path.ps1'
[0.433s] INFO:colcon.colcon_core.shell:Creating environment descriptor '/home/dingo/Programming/rviz2_imu_display_plugin/install/f16_hud_rviz_plugin/share/f16_hud_rviz_plugin/hook/cmake_prefix_path.dsv'
[0.433s] INFO:colcon.colcon_core.shell:Creating environment hook '/home/dingo/Programming/rviz2_imu_display_plugin/install/f16_hud_rviz_plugin/share/f16_hud_rviz_plugin/hook/cmake_prefix_path.sh'
[0.434s] Level 1:colcon.colcon_core.environment:checking '/home/dingo/Programming/rviz2_imu_display_plugin/install/f16_hud_rviz_plugin/lib'
[0.434s] Level 1:colcon.colcon_core.shell:create_environment_hook('f16_hud_rviz_plugin', 'ld_library_path_lib')
[0.434s] INFO:colcon.colcon_core.shell:Creating environment hook '/home/dingo/Programming/rviz2_imu_display_plugin/install/f16_hud_rviz_plugin/share/f16_hud_rviz_plugin/hook/ld_library_path_lib.ps1'
[0.434s] INFO:colcon.colcon_core.shell:Creating environment descriptor '/home/dingo/Programming/rviz2_imu_display_plugin/install/f16_hud_rviz_plugin/share/f16_hud_rviz_plugin/hook/ld_library_path_lib.dsv'
[0.434s] INFO:colcon.colcon_core.shell:Creating environment hook '/home/dingo/Programming/rviz2_imu_display_plugin/install/f16_hud_rviz_plugin/share/f16_hud_rviz_plugin/hook/ld_library_path_lib.sh'
[0.434s] Level 1:colcon.colcon_core.environment:checking '/home/dingo/Programming/rviz2_imu_display_plugin/install/f16_hud_rviz_plugin/bin'
[0.434s] Level 1:colcon.colcon_core.shell:create_environment_hook('f16_hud_rviz_plugin', 'path')
[0.434s] INFO:colcon.colcon_core.shell:Creating environment hook '/home/dingo/Programming/rviz2_imu_display_plugin/install/f16_hud_rviz_plugin/share/f16_hud_rviz_plugin/hook/path.ps1'
[0.435s] INFO:colcon.colcon_core.shell:Creating environment descriptor '/home/dingo/Programming/rviz2_imu_display_plugin/install/f16_hud_rviz_plugin/share/f16_hud_rviz_plugin/hook/path.dsv'
[0.435s] INFO:colcon.colcon_core.shell:Creating environment hook '/home/dingo/Programming/rviz2_imu_display_plugin/install/f16_hud_rviz_plugin/share/f16_hud_rviz_plugin/hook/path.sh'
[0.435s] Level 1:colcon.colcon_core.environment:checking '/home/dingo/Programming/rviz2_imu_display_plugin/install/f16_hud_rviz_plugin/lib/pkgconfig/f16_hud_rviz_plugin.pc'
[0.435s] Level 1:colcon.colcon_core.environment:checking '/home/dingo/Programming/rviz2_imu_display_plugin/install/f16_hud_rviz_plugin/lib/python3.12/site-packages'
[0.435s] Level 1:colcon.colcon_core.environment:checking '/home/dingo/Programming/rviz2_imu_display_plugin/install/f16_hud_rviz_plugin/bin'
[0.435s] Level 1:colcon.colcon_core.shell:create_environment_hook('f16_hud_rviz_plugin', 'pythonscriptspath')
[0.435s] INFO:colcon.colcon_core.shell:Creating environment hook '/home/dingo/Programming/rviz2_imu_display_plugin/install/f16_hud_rviz_plugin/share/f16_hud_rviz_plugin/hook/pythonscriptspath.ps1'
[0.436s] INFO:colcon.colcon_core.shell:Creating environment descriptor '/home/dingo/Programming/rviz2_imu_display_plugin/install/f16_hud_rviz_plugin/share/f16_hud_rviz_plugin/hook/pythonscriptspath.dsv'
[0.436s] INFO:colcon.colcon_core.shell:Creating environment hook '/home/dingo/Programming/rviz2_imu_display_plugin/install/f16_hud_rviz_plugin/share/f16_hud_rviz_plugin/hook/pythonscriptspath.sh'
[0.436s] INFO:colcon.colcon_core.shell:Creating package script '/home/dingo/Programming/rviz2_imu_display_plugin/install/f16_hud_rviz_plugin/share/f16_hud_rviz_plugin/package.ps1'
[0.436s] INFO:colcon.colcon_core.shell:Creating package descriptor '/home/dingo/Programming/rviz2_imu_display_plugin/install/f16_hud_rviz_plugin/share/f16_hud_rviz_plugin/package.dsv'
[0.437s] INFO:colcon.colcon_core.shell:Creating package script '/home/dingo/Programming/rviz2_imu_display_plugin/install/f16_hud_rviz_plugin/share/f16_hud_rviz_plugin/package.sh'
[0.437s] INFO:colcon.colcon_core.shell:Creating package script '/home/dingo/Programming/rviz2_imu_display_plugin/install/f16_hud_rviz_plugin/share/f16_hud_rviz_plugin/package.bash'
[0.437s] INFO:colcon.colcon_core.shell:Creating package script '/home/dingo/Programming/rviz2_imu_display_plugin/install/f16_hud_rviz_plugin/share/f16_hud_rviz_plugin/package.zsh'
[0.437s] Level 1:colcon.colcon_core.environment:create_file_with_runtime_dependencies(/home/dingo/Programming/rviz2_imu_display_plugin/install/f16_hud_rviz_plugin/share/colcon-core/packages/f16_hud_rviz_plugin)
[0.437s] DEBUG:colcon.colcon_parallel_executor.executor.parallel:closing loop
[0.438s] DEBUG:colcon.colcon_parallel_executor.executor.parallel:loop closed
[0.438s] DEBUG:colcon.colcon_parallel_executor.executor.parallel:run_until_complete finished with '0'
[0.438s] DEBUG:colcon.colcon_core.event_reactor:joining thread
[0.443s] INFO:colcon.colcon_core.plugin_system:Skipping extension 'colcon_notification.desktop_notification.terminal_notifier': Not used on non-Darwin systems
[0.443s] INFO:colcon.colcon_core.plugin_system:Skipping extension 'colcon_notification.desktop_notification.win32': Not used on non-Windows systems
[0.443s] INFO:colcon.colcon_notification.desktop_notification:Sending desktop notification using 'notify2'
[0.455s] DEBUG:colcon.colcon_core.event_reactor:joined thread
[0.455s] INFO:colcon.colcon_core.shell:Creating prefix script '/home/dingo/Programming/rviz2_imu_display_plugin/install/local_setup.ps1'
[0.456s] INFO:colcon.colcon_core.shell:Creating prefix util module '/home/dingo/Programming/rviz2_imu_display_plugin/install/_local_setup_util_ps1.py'
[0.457s] INFO:colcon.colcon_core.shell:Creating prefix chain script '/home/dingo/Programming/rviz2_imu_display_plugin/install/setup.ps1'
[0.457s] INFO:colcon.colcon_core.shell:Creating prefix script '/home/dingo/Programming/rviz2_imu_display_plugin/install/local_setup.sh'
[0.457s] INFO:colcon.colcon_core.shell:Creating prefix util module '/home/dingo/Programming/rviz2_imu_display_plugin/install/_local_setup_util_sh.py'
[0.458s] INFO:colcon.colcon_core.shell:Creating prefix chain script '/home/dingo/Programming/rviz2_imu_display_plugin/install/setup.sh'
[0.458s] INFO:colcon.colcon_core.shell:Creating prefix script '/home/dingo/Programming/rviz2_imu_display_plugin/install/local_setup.bash'
[0.459s] INFO:colcon.colcon_core.shell:Creating prefix chain script '/home/dingo/Programming/rviz2_imu_display_plugin/install/setup.bash'
[0.459s] INFO:colcon.colcon_core.shell:Creating prefix script '/home/dingo/Programming/rviz2_imu_display_plugin/install/local_setup.zsh'
[0.459s] INFO:colcon.colcon_core.shell:Creating prefix chain script '/home/dingo/Programming/rviz2_imu_display_plugin/install/setup.zsh'
