[0.181s] DEBUG:colcon:Command line arguments: ['/usr/bin/colcon', 'build', '--packages-select', 'f16_hud_rviz_plugin', '--cmake-args', '-DCMAKE_BUILD_TYPE=Debug']
[0.181s] DEBUG:colcon:Parsed command line arguments: Namespace(log_base=None, log_level=None, verb_name='build', build_base='build', install_base='install', merge_install=False, symlink_install=False, test_result_base=None, continue_on_error=False, executor='parallel', parallel_workers=12, event_handlers=None, ignore_user_meta=False, metas=['./colcon.meta'], base_paths=['.'], packages_ignore=None, packages_ignore_regex=None, paths=None, packages_up_to=None, packages_up_to_regex=None, packages_above=None, packages_above_and_dependencies=None, packages_above_depth=None, packages_select_by_dep=None, packages_skip_by_dep=None, packages_skip_up_to=None, packages_select_build_failed=False, packages_skip_build_finished=False, packages_select_test_failures=False, packages_skip_test_passed=False, packages_select=['f16_hud_rviz_plugin'], packages_skip=None, packages_select_regex=None, packages_skip_regex=None, packages_start=None, packages_end=None, allow_overriding=[], cmake_args=['-DCMAKE_BUILD_TYPE=Debug'], cmake_target=None, cmake_target_skip_unavailable=False, cmake_clean_cache=False, cmake_clean_first=False, cmake_force_configure=False, ament_cmake_args=None, catkin_cmake_args=None, catkin_skip_building_tests=False, mixin_files=None, mixin=None, verb_parser=<colcon_mixin.mixin.mixin_argument.MixinArgumentDecorator object at 0x7f50bbbdf5f0>, verb_extension=<colcon_core.verb.build.BuildVerb object at 0x7f50bbb35e80>, main=<bound method BuildVerb.main of <colcon_core.verb.build.BuildVerb object at 0x7f50bbb35e80>>, mixin_verb=('build',))
[0.210s] Level 1:colcon.colcon_core.package_discovery:discover_packages(colcon_meta) check parameters
[0.210s] Level 1:colcon.colcon_core.package_discovery:discover_packages(recursive) check parameters
[0.210s] Level 1:colcon.colcon_core.package_discovery:discover_packages(ignore) check parameters
[0.210s] Level 1:colcon.colcon_core.package_discovery:discover_packages(path) check parameters
[0.210s] Level 1:colcon.colcon_core.package_discovery:discover_packages(colcon_meta) discover
[0.210s] Level 1:colcon.colcon_core.package_discovery:discover_packages(recursive) discover
[0.210s] INFO:colcon.colcon_core.package_discovery:Crawling recursively for packages in '/home/dingo/Programming/rviz2_imu_display_plugin'
[0.210s] Level 1:colcon.colcon_core.package_identification:_identify(.) by extensions ['ignore', 'ignore_ament_install']
[0.210s] Level 1:colcon.colcon_core.package_identification:_identify(.) by extension 'ignore'
[0.210s] Level 1:colcon.colcon_core.package_identification:_identify(.) by extension 'ignore_ament_install'
[0.210s] Level 1:colcon.colcon_core.package_identification:_identify(.) by extensions ['colcon_pkg']
[0.210s] Level 1:colcon.colcon_core.package_identification:_identify(.) by extension 'colcon_pkg'
[0.210s] Level 1:colcon.colcon_core.package_identification:_identify(.) by extensions ['colcon_meta']
[0.210s] Level 1:colcon.colcon_core.package_identification:_identify(.) by extension 'colcon_meta'
[0.210s] Level 1:colcon.colcon_core.package_identification:_identify(.) by extensions ['ros']
[0.210s] Level 1:colcon.colcon_core.package_identification:_identify(.) by extension 'ros'
[0.232s] DEBUG:colcon.colcon_core.package_identification:Package '.' with type 'ros.ament_cmake' and name 'f16_hud_rviz_plugin'
[0.232s] Level 1:colcon.colcon_core.package_discovery:discover_packages(recursive) using defaults
[0.232s] Level 1:colcon.colcon_core.package_discovery:discover_packages(ignore) discover
[0.232s] Level 1:colcon.colcon_core.package_discovery:discover_packages(ignore) using defaults
[0.232s] Level 1:colcon.colcon_core.package_discovery:discover_packages(path) discover
[0.232s] Level 1:colcon.colcon_core.package_discovery:discover_packages(path) using defaults
[0.245s] Level 1:colcon.colcon_core.package_discovery:discover_packages(prefix_path) check parameters
[0.246s] Level 1:colcon.colcon_core.package_discovery:discover_packages(prefix_path) discover
[0.248s] DEBUG:colcon.colcon_installed_package_information.package_discovery:Found 1 installed packages in /home/dingo/Programming/rviz2_imu_display_plugin/install
[0.248s] DEBUG:colcon.colcon_installed_package_information.package_discovery:Found 1 installed packages in /home/dingo/turtlebot3_ws/install
[0.249s] DEBUG:colcon.colcon_installed_package_information.package_discovery:Found 383 installed packages in /opt/ros/jazzy
[0.250s] Level 1:colcon.colcon_core.package_discovery:discover_packages(prefix_path) using defaults
[0.279s] Level 5:colcon.colcon_core.verb:set package 'f16_hud_rviz_plugin' build argument 'cmake_args' from command line to '['-DCMAKE_BUILD_TYPE=Debug']'
[0.279s] Level 5:colcon.colcon_core.verb:set package 'f16_hud_rviz_plugin' build argument 'cmake_target' from command line to 'None'
[0.279s] Level 5:colcon.colcon_core.verb:set package 'f16_hud_rviz_plugin' build argument 'cmake_target_skip_unavailable' from command line to 'False'
[0.279s] Level 5:colcon.colcon_core.verb:set package 'f16_hud_rviz_plugin' build argument 'cmake_clean_cache' from command line to 'False'
[0.279s] Level 5:colcon.colcon_core.verb:set package 'f16_hud_rviz_plugin' build argument 'cmake_clean_first' from command line to 'False'
[0.279s] Level 5:colcon.colcon_core.verb:set package 'f16_hud_rviz_plugin' build argument 'cmake_force_configure' from command line to 'False'
[0.279s] Level 5:colcon.colcon_core.verb:set package 'f16_hud_rviz_plugin' build argument 'ament_cmake_args' from command line to 'None'
[0.279s] Level 5:colcon.colcon_core.verb:set package 'f16_hud_rviz_plugin' build argument 'catkin_cmake_args' from command line to 'None'
[0.279s] Level 5:colcon.colcon_core.verb:set package 'f16_hud_rviz_plugin' build argument 'catkin_skip_building_tests' from command line to 'False'
[0.279s] DEBUG:colcon.colcon_core.verb:Building package 'f16_hud_rviz_plugin' with the following arguments: {'ament_cmake_args': None, 'build_base': '/home/dingo/Programming/rviz2_imu_display_plugin/build/f16_hud_rviz_plugin', 'catkin_cmake_args': None, 'catkin_skip_building_tests': False, 'cmake_args': ['-DCMAKE_BUILD_TYPE=Debug'], 'cmake_clean_cache': False, 'cmake_clean_first': False, 'cmake_force_configure': False, 'cmake_target': None, 'cmake_target_skip_unavailable': False, 'install_base': '/home/dingo/Programming/rviz2_imu_display_plugin/install/f16_hud_rviz_plugin', 'merge_install': False, 'path': '/home/dingo/Programming/rviz2_imu_display_plugin', 'symlink_install': False, 'test_result_base': None}
[0.279s] INFO:colcon.colcon_core.executor:Executing jobs using 'parallel' executor
[0.280s] DEBUG:colcon.colcon_parallel_executor.executor.parallel:run_until_complete
[0.280s] INFO:colcon.colcon_ros.task.ament_cmake.build:Building ROS package in '/home/dingo/Programming/rviz2_imu_display_plugin' with build type 'ament_cmake'
[0.281s] INFO:colcon.colcon_cmake.task.cmake.build:Building CMake package in '/home/dingo/Programming/rviz2_imu_display_plugin'
[0.284s] INFO:colcon.colcon_core.plugin_system:Skipping extension 'colcon_core.shell.bat': Not used on non-Windows systems
[0.284s] INFO:colcon.colcon_core.shell:Skip shell extension 'powershell' for command environment: Not usable outside of PowerShell
[0.284s] DEBUG:colcon.colcon_core.shell:Skip shell extension 'dsv' for command environment
[0.291s] DEBUG:colcon.colcon_core.event_handler.log_command:Invoking command in '/home/dingo/Programming/rviz2_imu_display_plugin/build/f16_hud_rviz_plugin': CMAKE_PREFIX_PATH=${CMAKE_PREFIX_PATH}:/opt/ros/jazzy DEBUGINFOD_URLS=https://debuginfod.ubuntu.com /usr/bin/cmake /home/dingo/Programming/rviz2_imu_display_plugin -DCMAKE_BUILD_TYPE=Debug -DCMAKE_INSTALL_PREFIX=/home/dingo/Programming/rviz2_imu_display_plugin/install/f16_hud_rviz_plugin
[1.135s] DEBUG:colcon.colcon_core.event_handler.log_command:Invoked command in '/home/dingo/Programming/rviz2_imu_display_plugin/build/f16_hud_rviz_plugin' returned '0': CMAKE_PREFIX_PATH=${CMAKE_PREFIX_PATH}:/opt/ros/jazzy DEBUGINFOD_URLS=https://debuginfod.ubuntu.com /usr/bin/cmake /home/dingo/Programming/rviz2_imu_display_plugin -DCMAKE_BUILD_TYPE=Debug -DCMAKE_INSTALL_PREFIX=/home/dingo/Programming/rviz2_imu_display_plugin/install/f16_hud_rviz_plugin
[1.135s] DEBUG:colcon.colcon_core.event_handler.log_command:Invoking command in '/home/dingo/Programming/rviz2_imu_display_plugin/build/f16_hud_rviz_plugin': CMAKE_PREFIX_PATH=${CMAKE_PREFIX_PATH}:/opt/ros/jazzy DEBUGINFOD_URLS=https://debuginfod.ubuntu.com /usr/bin/cmake --build /home/dingo/Programming/rviz2_imu_display_plugin/build/f16_hud_rviz_plugin -- -j12 -l12
[11.031s] DEBUG:colcon.colcon_core.event_handler.log_command:Invoked command in '/home/dingo/Programming/rviz2_imu_display_plugin/build/f16_hud_rviz_plugin' returned '0': CMAKE_PREFIX_PATH=${CMAKE_PREFIX_PATH}:/opt/ros/jazzy DEBUGINFOD_URLS=https://debuginfod.ubuntu.com /usr/bin/cmake --build /home/dingo/Programming/rviz2_imu_display_plugin/build/f16_hud_rviz_plugin -- -j12 -l12
[11.039s] DEBUG:colcon.colcon_core.event_handler.log_command:Invoking command in '/home/dingo/Programming/rviz2_imu_display_plugin/build/f16_hud_rviz_plugin': CMAKE_PREFIX_PATH=${CMAKE_PREFIX_PATH}:/opt/ros/jazzy DEBUGINFOD_URLS=https://debuginfod.ubuntu.com /usr/bin/cmake --install /home/dingo/Programming/rviz2_imu_display_plugin/build/f16_hud_rviz_plugin
[11.056s] Level 1:colcon.colcon_core.environment:create_environment_scripts_only(f16_hud_rviz_plugin)
[11.057s] DEBUG:colcon.colcon_core.event_handler.log_command:Invoked command in '/home/dingo/Programming/rviz2_imu_display_plugin/build/f16_hud_rviz_plugin' returned '0': CMAKE_PREFIX_PATH=${CMAKE_PREFIX_PATH}:/opt/ros/jazzy DEBUGINFOD_URLS=https://debuginfod.ubuntu.com /usr/bin/cmake --install /home/dingo/Programming/rviz2_imu_display_plugin/build/f16_hud_rviz_plugin
[11.060s] Level 1:colcon.colcon_core.environment:checking '/home/dingo/Programming/rviz2_imu_display_plugin/install/f16_hud_rviz_plugin' for CMake module files
[11.061s] Level 1:colcon.colcon_core.environment:checking '/home/dingo/Programming/rviz2_imu_display_plugin/install/f16_hud_rviz_plugin' for CMake config files
[11.061s] Level 1:colcon.colcon_core.shell:create_environment_hook('f16_hud_rviz_plugin', 'cmake_prefix_path')
[11.061s] INFO:colcon.colcon_core.shell:Creating environment hook '/home/dingo/Programming/rviz2_imu_display_plugin/install/f16_hud_rviz_plugin/share/f16_hud_rviz_plugin/hook/cmake_prefix_path.ps1'
[11.061s] INFO:colcon.colcon_core.shell:Creating environment descriptor '/home/dingo/Programming/rviz2_imu_display_plugin/install/f16_hud_rviz_plugin/share/f16_hud_rviz_plugin/hook/cmake_prefix_path.dsv'
[11.062s] INFO:colcon.colcon_core.shell:Creating environment hook '/home/dingo/Programming/rviz2_imu_display_plugin/install/f16_hud_rviz_plugin/share/f16_hud_rviz_plugin/hook/cmake_prefix_path.sh'
[11.062s] Level 1:colcon.colcon_core.environment:checking '/home/dingo/Programming/rviz2_imu_display_plugin/install/f16_hud_rviz_plugin/lib'
[11.062s] Level 1:colcon.colcon_core.shell:create_environment_hook('f16_hud_rviz_plugin', 'ld_library_path_lib')
[11.062s] INFO:colcon.colcon_core.shell:Creating environment hook '/home/dingo/Programming/rviz2_imu_display_plugin/install/f16_hud_rviz_plugin/share/f16_hud_rviz_plugin/hook/ld_library_path_lib.ps1'
[11.063s] INFO:colcon.colcon_core.shell:Creating environment descriptor '/home/dingo/Programming/rviz2_imu_display_plugin/install/f16_hud_rviz_plugin/share/f16_hud_rviz_plugin/hook/ld_library_path_lib.dsv'
[11.063s] INFO:colcon.colcon_core.shell:Creating environment hook '/home/dingo/Programming/rviz2_imu_display_plugin/install/f16_hud_rviz_plugin/share/f16_hud_rviz_plugin/hook/ld_library_path_lib.sh'
[11.063s] Level 1:colcon.colcon_core.environment:checking '/home/dingo/Programming/rviz2_imu_display_plugin/install/f16_hud_rviz_plugin/bin'
[11.063s] Level 1:colcon.colcon_core.shell:create_environment_hook('f16_hud_rviz_plugin', 'path')
[11.063s] INFO:colcon.colcon_core.shell:Creating environment hook '/home/dingo/Programming/rviz2_imu_display_plugin/install/f16_hud_rviz_plugin/share/f16_hud_rviz_plugin/hook/path.ps1'
[11.063s] INFO:colcon.colcon_core.shell:Creating environment descriptor '/home/dingo/Programming/rviz2_imu_display_plugin/install/f16_hud_rviz_plugin/share/f16_hud_rviz_plugin/hook/path.dsv'
[11.064s] INFO:colcon.colcon_core.shell:Creating environment hook '/home/dingo/Programming/rviz2_imu_display_plugin/install/f16_hud_rviz_plugin/share/f16_hud_rviz_plugin/hook/path.sh'
[11.064s] Level 1:colcon.colcon_core.environment:checking '/home/dingo/Programming/rviz2_imu_display_plugin/install/f16_hud_rviz_plugin/lib/pkgconfig/f16_hud_rviz_plugin.pc'
[11.064s] Level 1:colcon.colcon_core.environment:checking '/home/dingo/Programming/rviz2_imu_display_plugin/install/f16_hud_rviz_plugin/lib/python3.12/site-packages'
[11.064s] Level 1:colcon.colcon_core.environment:checking '/home/dingo/Programming/rviz2_imu_display_plugin/install/f16_hud_rviz_plugin/bin'
[11.064s] Level 1:colcon.colcon_core.shell:create_environment_hook('f16_hud_rviz_plugin', 'pythonscriptspath')
[11.064s] INFO:colcon.colcon_core.shell:Creating environment hook '/home/dingo/Programming/rviz2_imu_display_plugin/install/f16_hud_rviz_plugin/share/f16_hud_rviz_plugin/hook/pythonscriptspath.ps1'
[11.064s] INFO:colcon.colcon_core.shell:Creating environment descriptor '/home/dingo/Programming/rviz2_imu_display_plugin/install/f16_hud_rviz_plugin/share/f16_hud_rviz_plugin/hook/pythonscriptspath.dsv'
[11.065s] INFO:colcon.colcon_core.shell:Creating environment hook '/home/dingo/Programming/rviz2_imu_display_plugin/install/f16_hud_rviz_plugin/share/f16_hud_rviz_plugin/hook/pythonscriptspath.sh'
[11.065s] INFO:colcon.colcon_core.shell:Creating package script '/home/dingo/Programming/rviz2_imu_display_plugin/install/f16_hud_rviz_plugin/share/f16_hud_rviz_plugin/package.ps1'
[11.066s] INFO:colcon.colcon_core.shell:Creating package descriptor '/home/dingo/Programming/rviz2_imu_display_plugin/install/f16_hud_rviz_plugin/share/f16_hud_rviz_plugin/package.dsv'
[11.066s] INFO:colcon.colcon_core.shell:Creating package script '/home/dingo/Programming/rviz2_imu_display_plugin/install/f16_hud_rviz_plugin/share/f16_hud_rviz_plugin/package.sh'
[11.066s] INFO:colcon.colcon_core.shell:Creating package script '/home/dingo/Programming/rviz2_imu_display_plugin/install/f16_hud_rviz_plugin/share/f16_hud_rviz_plugin/package.bash'
[11.066s] INFO:colcon.colcon_core.shell:Creating package script '/home/dingo/Programming/rviz2_imu_display_plugin/install/f16_hud_rviz_plugin/share/f16_hud_rviz_plugin/package.zsh'
[11.067s] Level 1:colcon.colcon_core.environment:create_file_with_runtime_dependencies(/home/dingo/Programming/rviz2_imu_display_plugin/install/f16_hud_rviz_plugin/share/colcon-core/packages/f16_hud_rviz_plugin)
[11.067s] Level 1:colcon.colcon_core.environment:create_environment_scripts_only(f16_hud_rviz_plugin)
[11.067s] Level 1:colcon.colcon_core.environment:checking '/home/dingo/Programming/rviz2_imu_display_plugin/install/f16_hud_rviz_plugin' for CMake module files
[11.068s] Level 1:colcon.colcon_core.environment:checking '/home/dingo/Programming/rviz2_imu_display_plugin/install/f16_hud_rviz_plugin' for CMake config files
[11.068s] Level 1:colcon.colcon_core.shell:create_environment_hook('f16_hud_rviz_plugin', 'cmake_prefix_path')
[11.068s] INFO:colcon.colcon_core.shell:Creating environment hook '/home/dingo/Programming/rviz2_imu_display_plugin/install/f16_hud_rviz_plugin/share/f16_hud_rviz_plugin/hook/cmake_prefix_path.ps1'
[11.068s] INFO:colcon.colcon_core.shell:Creating environment descriptor '/home/dingo/Programming/rviz2_imu_display_plugin/install/f16_hud_rviz_plugin/share/f16_hud_rviz_plugin/hook/cmake_prefix_path.dsv'
[11.068s] INFO:colcon.colcon_core.shell:Creating environment hook '/home/dingo/Programming/rviz2_imu_display_plugin/install/f16_hud_rviz_plugin/share/f16_hud_rviz_plugin/hook/cmake_prefix_path.sh'
[11.069s] Level 1:colcon.colcon_core.environment:checking '/home/dingo/Programming/rviz2_imu_display_plugin/install/f16_hud_rviz_plugin/lib'
[11.069s] Level 1:colcon.colcon_core.shell:create_environment_hook('f16_hud_rviz_plugin', 'ld_library_path_lib')
[11.069s] INFO:colcon.colcon_core.shell:Creating environment hook '/home/dingo/Programming/rviz2_imu_display_plugin/install/f16_hud_rviz_plugin/share/f16_hud_rviz_plugin/hook/ld_library_path_lib.ps1'
[11.069s] INFO:colcon.colcon_core.shell:Creating environment descriptor '/home/dingo/Programming/rviz2_imu_display_plugin/install/f16_hud_rviz_plugin/share/f16_hud_rviz_plugin/hook/ld_library_path_lib.dsv'
[11.069s] INFO:colcon.colcon_core.shell:Creating environment hook '/home/dingo/Programming/rviz2_imu_display_plugin/install/f16_hud_rviz_plugin/share/f16_hud_rviz_plugin/hook/ld_library_path_lib.sh'
[11.069s] Level 1:colcon.colcon_core.environment:checking '/home/dingo/Programming/rviz2_imu_display_plugin/install/f16_hud_rviz_plugin/bin'
[11.069s] Level 1:colcon.colcon_core.shell:create_environment_hook('f16_hud_rviz_plugin', 'path')
[11.069s] INFO:colcon.colcon_core.shell:Creating environment hook '/home/dingo/Programming/rviz2_imu_display_plugin/install/f16_hud_rviz_plugin/share/f16_hud_rviz_plugin/hook/path.ps1'
[11.070s] INFO:colcon.colcon_core.shell:Creating environment descriptor '/home/dingo/Programming/rviz2_imu_display_plugin/install/f16_hud_rviz_plugin/share/f16_hud_rviz_plugin/hook/path.dsv'
[11.070s] INFO:colcon.colcon_core.shell:Creating environment hook '/home/dingo/Programming/rviz2_imu_display_plugin/install/f16_hud_rviz_plugin/share/f16_hud_rviz_plugin/hook/path.sh'
[11.070s] Level 1:colcon.colcon_core.environment:checking '/home/dingo/Programming/rviz2_imu_display_plugin/install/f16_hud_rviz_plugin/lib/pkgconfig/f16_hud_rviz_plugin.pc'
[11.070s] Level 1:colcon.colcon_core.environment:checking '/home/dingo/Programming/rviz2_imu_display_plugin/install/f16_hud_rviz_plugin/lib/python3.12/site-packages'
[11.070s] Level 1:colcon.colcon_core.environment:checking '/home/dingo/Programming/rviz2_imu_display_plugin/install/f16_hud_rviz_plugin/bin'
[11.070s] Level 1:colcon.colcon_core.shell:create_environment_hook('f16_hud_rviz_plugin', 'pythonscriptspath')
[11.070s] INFO:colcon.colcon_core.shell:Creating environment hook '/home/dingo/Programming/rviz2_imu_display_plugin/install/f16_hud_rviz_plugin/share/f16_hud_rviz_plugin/hook/pythonscriptspath.ps1'
[11.070s] INFO:colcon.colcon_core.shell:Creating environment descriptor '/home/dingo/Programming/rviz2_imu_display_plugin/install/f16_hud_rviz_plugin/share/f16_hud_rviz_plugin/hook/pythonscriptspath.dsv'
[11.071s] INFO:colcon.colcon_core.shell:Creating environment hook '/home/dingo/Programming/rviz2_imu_display_plugin/install/f16_hud_rviz_plugin/share/f16_hud_rviz_plugin/hook/pythonscriptspath.sh'
[11.071s] INFO:colcon.colcon_core.shell:Creating package script '/home/dingo/Programming/rviz2_imu_display_plugin/install/f16_hud_rviz_plugin/share/f16_hud_rviz_plugin/package.ps1'
[11.071s] INFO:colcon.colcon_core.shell:Creating package descriptor '/home/dingo/Programming/rviz2_imu_display_plugin/install/f16_hud_rviz_plugin/share/f16_hud_rviz_plugin/package.dsv'
[11.072s] INFO:colcon.colcon_core.shell:Creating package script '/home/dingo/Programming/rviz2_imu_display_plugin/install/f16_hud_rviz_plugin/share/f16_hud_rviz_plugin/package.sh'
[11.072s] INFO:colcon.colcon_core.shell:Creating package script '/home/dingo/Programming/rviz2_imu_display_plugin/install/f16_hud_rviz_plugin/share/f16_hud_rviz_plugin/package.bash'
[11.072s] INFO:colcon.colcon_core.shell:Creating package script '/home/dingo/Programming/rviz2_imu_display_plugin/install/f16_hud_rviz_plugin/share/f16_hud_rviz_plugin/package.zsh'
[11.072s] Level 1:colcon.colcon_core.environment:create_file_with_runtime_dependencies(/home/dingo/Programming/rviz2_imu_display_plugin/install/f16_hud_rviz_plugin/share/colcon-core/packages/f16_hud_rviz_plugin)
[11.072s] DEBUG:colcon.colcon_parallel_executor.executor.parallel:closing loop
[11.072s] DEBUG:colcon.colcon_parallel_executor.executor.parallel:loop closed
[11.072s] DEBUG:colcon.colcon_parallel_executor.executor.parallel:run_until_complete finished with '0'
[11.072s] DEBUG:colcon.colcon_core.event_reactor:joining thread
[11.078s] INFO:colcon.colcon_core.plugin_system:Skipping extension 'colcon_notification.desktop_notification.terminal_notifier': Not used on non-Darwin systems
[11.078s] INFO:colcon.colcon_core.plugin_system:Skipping extension 'colcon_notification.desktop_notification.win32': Not used on non-Windows systems
[11.078s] INFO:colcon.colcon_notification.desktop_notification:Sending desktop notification using 'notify2'
[11.089s] DEBUG:colcon.colcon_core.event_reactor:joined thread
[11.090s] INFO:colcon.colcon_core.shell:Creating prefix script '/home/dingo/Programming/rviz2_imu_display_plugin/install/local_setup.ps1'
[11.091s] INFO:colcon.colcon_core.shell:Creating prefix util module '/home/dingo/Programming/rviz2_imu_display_plugin/install/_local_setup_util_ps1.py'
[11.092s] INFO:colcon.colcon_core.shell:Creating prefix chain script '/home/dingo/Programming/rviz2_imu_display_plugin/install/setup.ps1'
[11.093s] INFO:colcon.colcon_core.shell:Creating prefix script '/home/dingo/Programming/rviz2_imu_display_plugin/install/local_setup.sh'
[11.093s] INFO:colcon.colcon_core.shell:Creating prefix util module '/home/dingo/Programming/rviz2_imu_display_plugin/install/_local_setup_util_sh.py'
[11.094s] INFO:colcon.colcon_core.shell:Creating prefix chain script '/home/dingo/Programming/rviz2_imu_display_plugin/install/setup.sh'
[11.095s] INFO:colcon.colcon_core.shell:Creating prefix script '/home/dingo/Programming/rviz2_imu_display_plugin/install/local_setup.bash'
[11.095s] INFO:colcon.colcon_core.shell:Creating prefix chain script '/home/dingo/Programming/rviz2_imu_display_plugin/install/setup.bash'
[11.096s] INFO:colcon.colcon_core.shell:Creating prefix script '/home/dingo/Programming/rviz2_imu_display_plugin/install/local_setup.zsh'
[11.096s] INFO:colcon.colcon_core.shell:Creating prefix chain script '/home/dingo/Programming/rviz2_imu_display_plugin/install/setup.zsh'
