[0.010s] Invoking command in '/home/dingo/Programming/rviz2_imu_display_plugin/build/f16_hud_rviz_plugin': CMAKE_PREFIX_PATH=${CMAKE_PREFIX_PATH}:/opt/ros/jazzy DEBUGINFOD_URLS=https://debuginfod.ubuntu.com /usr/bin/cmake --build /home/dingo/Programming/rviz2_imu_display_plugin/build/f16_hud_rviz_plugin -- -j12 -l12
[0.056s] [  0%] Built target f16_hud_rviz_plugin_autogen_timestamp_deps
[0.060s] [  0%] Built target imu_test_publisher_autogen_timestamp_deps
[0.085s] [  8%] Automatic MOC for target f16_hud_rviz_plugin
[0.086s] [ 16%] Built target imu_test_publisher_autogen
[0.111s] [ 16%] Built target f16_hud_rviz_plugin_autogen
[0.122s] [ 50%] Built target imu_test_publisher
[0.156s] [ 58%] Building CXX object CMakeFiles/f16_hud_rviz_plugin.dir/src/f16_hud_visual.cpp.o
[1.237s] [ 66%] Linking CXX shared library libf16_hud_rviz_plugin.so
[2.568s] [100%] Built target f16_hud_rviz_plugin
[2.579s] Invoked command in '/home/dingo/Programming/rviz2_imu_display_plugin/build/f16_hud_rviz_plugin' returned '0': CMAKE_PREFIX_PATH=${CMAKE_PREFIX_PATH}:/opt/ros/jazzy DEBUGINFOD_URLS=https://debuginfod.ubuntu.com /usr/bin/cmake --build /home/dingo/Programming/rviz2_imu_display_plugin/build/f16_hud_rviz_plugin -- -j12 -l12
[2.587s] Invoking command in '/home/dingo/Programming/rviz2_imu_display_plugin/build/f16_hud_rviz_plugin': CMAKE_PREFIX_PATH=${CMAKE_PREFIX_PATH}:/opt/ros/jazzy DEBUGINFOD_URLS=https://debuginfod.ubuntu.com /usr/bin/cmake --install /home/dingo/Programming/rviz2_imu_display_plugin/build/f16_hud_rviz_plugin
[2.594s] -- Install configuration: ""
[2.595s] -- Installing: /home/dingo/Programming/rviz2_imu_display_plugin/install/f16_hud_rviz_plugin/share/f16_hud_rviz_plugin/plugins_description.xml
[2.595s] -- Installing: /home/dingo/Programming/rviz2_imu_display_plugin/install/f16_hud_rviz_plugin/lib/libf16_hud_rviz_plugin.so
[2.597s] -- Set non-toolchain portion of runtime path of "/home/dingo/Programming/rviz2_imu_display_plugin/install/f16_hud_rviz_plugin/lib/libf16_hud_rviz_plugin.so" to ""
[2.597s] -- Installing: /home/dingo/Programming/rviz2_imu_display_plugin/install/f16_hud_rviz_plugin/bin/imu_test_publisher
[2.598s] -- Set non-toolchain portion of runtime path of "/home/dingo/Programming/rviz2_imu_display_plugin/install/f16_hud_rviz_plugin/bin/imu_test_publisher" to ""
[2.598s] -- Up-to-date: /home/dingo/Programming/rviz2_imu_display_plugin/install/f16_hud_rviz_plugin/share/f16_hud_rviz_plugin/plugins_description.xml
[2.598s] -- Installing: /home/dingo/Programming/rviz2_imu_display_plugin/install/f16_hud_rviz_plugin/share/f16_hud_rviz_plugin/launch
[2.598s] -- Installing: /home/dingo/Programming/rviz2_imu_display_plugin/install/f16_hud_rviz_plugin/share/f16_hud_rviz_plugin/launch/hud_demo.launch.py
[2.598s] -- Installing: /home/dingo/Programming/rviz2_imu_display_plugin/install/f16_hud_rviz_plugin/share/f16_hud_rviz_plugin/config
[2.598s] -- Installing: /home/dingo/Programming/rviz2_imu_display_plugin/install/f16_hud_rviz_plugin/share/f16_hud_rviz_plugin/config/hud_config.rviz
[2.598s] -- Installing: /home/dingo/Programming/rviz2_imu_display_plugin/install/f16_hud_rviz_plugin/include
[2.598s] -- Installing: /home/dingo/Programming/rviz2_imu_display_plugin/install/f16_hud_rviz_plugin/include/f16_hud_rviz_plugin
[2.598s] -- Installing: /home/dingo/Programming/rviz2_imu_display_plugin/install/f16_hud_rviz_plugin/include/f16_hud_rviz_plugin/f16_hud_visual.hpp
[2.599s] -- Installing: /home/dingo/Programming/rviz2_imu_display_plugin/install/f16_hud_rviz_plugin/include/f16_hud_rviz_plugin/imu_processor.hpp
[2.599s] -- Installing: /home/dingo/Programming/rviz2_imu_display_plugin/install/f16_hud_rviz_plugin/include/f16_hud_rviz_plugin/f16_hud_display.hpp
[2.599s] -- Installing: /home/dingo/Programming/rviz2_imu_display_plugin/install/f16_hud_rviz_plugin/share/f16_hud_rviz_plugin/environment/library_path.sh
[2.599s] -- Installing: /home/dingo/Programming/rviz2_imu_display_plugin/install/f16_hud_rviz_plugin/share/f16_hud_rviz_plugin/environment/library_path.dsv
[2.599s] -- Installing: /home/dingo/Programming/rviz2_imu_display_plugin/install/f16_hud_rviz_plugin/share/ament_index/resource_index/package_run_dependencies/f16_hud_rviz_plugin
[2.599s] -- Installing: /home/dingo/Programming/rviz2_imu_display_plugin/install/f16_hud_rviz_plugin/share/ament_index/resource_index/parent_prefix_path/f16_hud_rviz_plugin
[2.599s] -- Installing: /home/dingo/Programming/rviz2_imu_display_plugin/install/f16_hud_rviz_plugin/share/f16_hud_rviz_plugin/environment/ament_prefix_path.sh
[2.599s] -- Installing: /home/dingo/Programming/rviz2_imu_display_plugin/install/f16_hud_rviz_plugin/share/f16_hud_rviz_plugin/environment/ament_prefix_path.dsv
[2.599s] -- Installing: /home/dingo/Programming/rviz2_imu_display_plugin/install/f16_hud_rviz_plugin/share/f16_hud_rviz_plugin/environment/path.sh
[2.599s] -- Installing: /home/dingo/Programming/rviz2_imu_display_plugin/install/f16_hud_rviz_plugin/share/f16_hud_rviz_plugin/environment/path.dsv
[2.599s] -- Installing: /home/dingo/Programming/rviz2_imu_display_plugin/install/f16_hud_rviz_plugin/share/f16_hud_rviz_plugin/local_setup.bash
[2.599s] -- Installing: /home/dingo/Programming/rviz2_imu_display_plugin/install/f16_hud_rviz_plugin/share/f16_hud_rviz_plugin/local_setup.sh
[2.600s] -- Installing: /home/dingo/Programming/rviz2_imu_display_plugin/install/f16_hud_rviz_plugin/share/f16_hud_rviz_plugin/local_setup.zsh
[2.600s] -- Installing: /home/dingo/Programming/rviz2_imu_display_plugin/install/f16_hud_rviz_plugin/share/f16_hud_rviz_plugin/local_setup.dsv
[2.600s] -- Installing: /home/dingo/Programming/rviz2_imu_display_plugin/install/f16_hud_rviz_plugin/share/f16_hud_rviz_plugin/package.dsv
[2.600s] -- Installing: /home/dingo/Programming/rviz2_imu_display_plugin/install/f16_hud_rviz_plugin/share/ament_index/resource_index/packages/f16_hud_rviz_plugin
[2.600s] -- Installing: /home/dingo/Programming/rviz2_imu_display_plugin/install/f16_hud_rviz_plugin/share/ament_index/resource_index/rviz_common__pluginlib__plugin/f16_hud_rviz_plugin
[2.600s] -- Installing: /home/dingo/Programming/rviz2_imu_display_plugin/install/f16_hud_rviz_plugin/share/f16_hud_rviz_plugin/cmake/ament_cmake_export_include_directories-extras.cmake
[2.600s] -- Installing: /home/dingo/Programming/rviz2_imu_display_plugin/install/f16_hud_rviz_plugin/share/f16_hud_rviz_plugin/cmake/ament_cmake_export_libraries-extras.cmake
[2.600s] -- Installing: /home/dingo/Programming/rviz2_imu_display_plugin/install/f16_hud_rviz_plugin/share/f16_hud_rviz_plugin/cmake/ament_cmake_export_dependencies-extras.cmake
[2.600s] -- Installing: /home/dingo/Programming/rviz2_imu_display_plugin/install/f16_hud_rviz_plugin/share/f16_hud_rviz_plugin/cmake/f16_hud_rviz_pluginConfig.cmake
[2.601s] -- Installing: /home/dingo/Programming/rviz2_imu_display_plugin/install/f16_hud_rviz_plugin/share/f16_hud_rviz_plugin/cmake/f16_hud_rviz_pluginConfig-version.cmake
[2.601s] -- Installing: /home/dingo/Programming/rviz2_imu_display_plugin/install/f16_hud_rviz_plugin/share/f16_hud_rviz_plugin/package.xml
[2.601s] Invoked command in '/home/dingo/Programming/rviz2_imu_display_plugin/build/f16_hud_rviz_plugin' returned '0': CMAKE_PREFIX_PATH=${CMAKE_PREFIX_PATH}:/opt/ros/jazzy DEBUGINFOD_URLS=https://debuginfod.ubuntu.com /usr/bin/cmake --install /home/dingo/Programming/rviz2_imu_display_plugin/build/f16_hud_rviz_plugin
