[0.010s] Invoking command in '/home/dingo/Programming/rviz2_imu_display_plugin/build/f16_hud_rviz_plugin': CMAKE_PREFIX_PATH=${CMAKE_PREFIX_PATH}:/opt/ros/jazzy DEBUGINFOD_URLS=https://debuginfod.ubuntu.com /usr/bin/cmake --build /home/dingo/Programming/rviz2_imu_display_plugin/build/f16_hud_rviz_plugin -- -j12 -l12
[0.033s] -- Found ament_cmake: 2.5.4 (/opt/ros/jazzy/share/ament_cmake/cmake)
[0.206s] -- Found rclcpp: 28.1.10 (/opt/ros/jazzy/share/rclcpp/cmake)
[0.226s] -- Found rosidl_generator_c: 4.6.5 (/opt/ros/jazzy/share/rosidl_generator_c/cmake)
[0.232s] -- Found rosidl_generator_cpp: 4.6.5 (/opt/ros/jazzy/share/rosidl_generator_cpp/cmake)
[0.239s] -- Using all available rosidl_typesupport_c: rosidl_typesupport_fastrtps_c;rosidl_typesupport_introspection_c
[0.248s] -- Using all available rosidl_typesupport_cpp: rosidl_typesupport_fastrtps_cpp;rosidl_typesupport_introspection_cpp
[0.288s] -- Found rmw_implementation_cmake: 7.3.2 (/opt/ros/jazzy/share/rmw_implementation_cmake/cmake)
[0.289s] -- Found rmw_fastrtps_cpp: 8.4.2 (/opt/ros/jazzy/share/rmw_fastrtps_cpp/cmake)
[0.346s] -- Using RMW implementation 'rmw_fastrtps_cpp' as default
[0.389s] -- Found sensor_msgs: 5.3.6 (/opt/ros/jazzy/share/sensor_msgs/cmake)
[0.427s] -- Found rviz_common: 14.1.12 (/opt/ros/jazzy/share/rviz_common/cmake)
[0.440s] -- Setting OGRE_DIR to: '/opt/ros/jazzy/share/rviz_ogre_vendor/cmake/../../../opt/rviz_ogre_vendor/lib/OGRE/cmake'
[0.441s] -- Found OGRE
[0.441s] --   static     : OFF
[0.441s] --   components : MeshLodGenerator;Overlay;Paging;Property;RTShaderSystem;Terrain;Volume
[0.442s] --   plugins    : Plugin_BSPSceneManager;Plugin_OctreeSceneManager;Plugin_PCZSceneManager;Plugin_ParticleFX;RenderSystem_GL;RenderSystem_GL3Plus;Codec_STBI
[0.442s] --   media      : /opt/ros/jazzy/opt/rviz_ogre_vendor/share/OGRE/Media
[0.442s] -- OGRE_LIBRARIES: OgreMeshLodGenerator;OgreOverlay;OgrePaging;OgreProperty;OgreRTShaderSystem;OgreTerrain;OgreVolume;OgreMain
[0.442s] -- OGRE_LIBRARY_DIRS: /opt/ros/jazzy/opt/rviz_ogre_vendor/lib
[0.442s] -- OGRE_PLUGINS: Plugin_BSPSceneManager;Plugin_OctreeSceneManager;Plugin_PCZSceneManager;Plugin_ParticleFX;RenderSystem_GL;RenderSystem_GL3Plus;Codec_STBI
[0.442s] -- OGRE_PLUGIN_DIR: /opt/ros/jazzy/opt/rviz_ogre_vendor/lib/OGRE
[0.442s] -- rviz_ogre_vendor::OgreOverlay for IMPORTED_LOCATION_RELEASE: /opt/ros/jazzy/opt/rviz_ogre_vendor/lib/libOgreOverlay.so
[0.442s] -- rviz_ogre_vendor::OgreOverlay for IMPORTED_LOCATION_DEBUG: /opt/ros/jazzy/opt/rviz_ogre_vendor/lib/libOgreOverlay.so
[0.442s] -- rviz_ogre_vendor::OgreMain for IMPORTED_LOCATION_RELEASE: /opt/ros/jazzy/opt/rviz_ogre_vendor/lib/libOgreMain.so
[0.442s] -- rviz_ogre_vendor::OgreMain for IMPORTED_LOCATION_DEBUG: /opt/ros/jazzy/opt/rviz_ogre_vendor/lib/libOgreMain.so
[0.614s] -- Setting yaml-cpp_DIR to: '/opt/ros/jazzy/share/yaml_cpp_vendor/cmake/../../../opt/yaml_cpp_vendor/share/cmake/yaml-cpp'
[0.618s] -- Found rviz_default_plugins: 14.1.12 (/opt/ros/jazzy/share/rviz_default_plugins/cmake)
[0.705s] -- Found eigen3_cmake_module: 0.3.0 (/opt/ros/jazzy/share/eigen3_cmake_module/cmake)
[0.706s] -- Ensuring Eigen3 include directory is part of orocos-kdl CMake target
[0.716s] -- Found ament_lint_auto: 0.17.2 (/opt/ros/jazzy/share/ament_lint_auto/cmake)
[0.788s] -- Added test 'copyright' to check source files copyright and LICENSE
[0.797s] -- Added test 'cppcheck' to perform static code analysis on C / C++ code
[0.797s] -- Configured cppcheck include dirs: /home/dingo/Programming/rviz2_imu_display_plugin/include
[0.798s] -- Configured cppcheck exclude dirs and/or files: 
[0.810s] -- Added test 'cpplint' to check C / C++ code against the Google style
[0.810s] -- Configured cpplint exclude dirs and/or files: 
[0.813s] -- Added test 'flake8' to check Python code syntax and style conventions
[0.813s] -- Configured 'flake8' exclude dirs and/or files: 
[0.816s] -- Added test 'lint_cmake' to check CMake code style
[0.818s] -- Added test 'pep257' to check Python code against some of the docstring style conventions in PEP 257
[0.826s] -- Added test 'uncrustify' to check C / C++ code style
[0.827s] -- Configured uncrustify additional arguments: 
[0.828s] -- Added test 'xmllint' to check XML markup files
[0.829s] -- Configuring done (0.8s)
[0.861s] -- Generating done (0.0s)
[0.866s] -- Build files have been written to: /home/dingo/Programming/rviz2_imu_display_plugin/build/f16_hud_rviz_plugin
[0.908s] [  0%] Built target imu_test_publisher_autogen_timestamp_deps
[0.908s] [  0%] Built target f16_hud_rviz_plugin_autogen_timestamp_deps
[0.951s] [  7%] Automatic MOC for target imu_test_publisher
[0.959s] [ 14%] Automatic MOC for target f16_hud_rviz_plugin
[0.976s] [ 14%] Built target imu_test_publisher_autogen
[0.986s] [ 14%] Built target f16_hud_rviz_plugin_autogen
[0.998s] [ 21%] Generating include/f16_hud_rviz_plugin/moc_f16_hud_display.cpp
[1.007s] [ 50%] Built target imu_test_publisher
[1.034s] [ 57%] Building CXX object CMakeFiles/f16_hud_rviz_plugin.dir/include/f16_hud_rviz_plugin/moc_f16_hud_display.cpp.o
[5.074s] [ 64%] Linking CXX shared library libf16_hud_rviz_plugin.so
[6.360s] [100%] Built target f16_hud_rviz_plugin
[6.372s] Invoked command in '/home/dingo/Programming/rviz2_imu_display_plugin/build/f16_hud_rviz_plugin' returned '0': CMAKE_PREFIX_PATH=${CMAKE_PREFIX_PATH}:/opt/ros/jazzy DEBUGINFOD_URLS=https://debuginfod.ubuntu.com /usr/bin/cmake --build /home/dingo/Programming/rviz2_imu_display_plugin/build/f16_hud_rviz_plugin -- -j12 -l12
[6.381s] Invoking command in '/home/dingo/Programming/rviz2_imu_display_plugin/build/f16_hud_rviz_plugin': CMAKE_PREFIX_PATH=${CMAKE_PREFIX_PATH}:/opt/ros/jazzy DEBUGINFOD_URLS=https://debuginfod.ubuntu.com /usr/bin/cmake --install /home/dingo/Programming/rviz2_imu_display_plugin/build/f16_hud_rviz_plugin
[6.389s] -- Install configuration: "Debug"
[6.389s] -- Up-to-date: /home/dingo/Programming/rviz2_imu_display_plugin/install/f16_hud_rviz_plugin/share/f16_hud_rviz_plugin/plugins_description.xml
[6.390s] -- Installing: /home/dingo/Programming/rviz2_imu_display_plugin/install/f16_hud_rviz_plugin/lib/libf16_hud_rviz_plugin.so
[6.396s] -- Set non-toolchain portion of runtime path of "/home/dingo/Programming/rviz2_imu_display_plugin/install/f16_hud_rviz_plugin/lib/libf16_hud_rviz_plugin.so" to ""
[6.396s] -- Up-to-date: /home/dingo/Programming/rviz2_imu_display_plugin/install/f16_hud_rviz_plugin/lib/f16_hud_rviz_plugin/imu_test_publisher
[6.396s] -- Up-to-date: /home/dingo/Programming/rviz2_imu_display_plugin/install/f16_hud_rviz_plugin/share/f16_hud_rviz_plugin/plugins_description.xml
[6.396s] -- Up-to-date: /home/dingo/Programming/rviz2_imu_display_plugin/install/f16_hud_rviz_plugin/share/f16_hud_rviz_plugin/launch
[6.396s] -- Up-to-date: /home/dingo/Programming/rviz2_imu_display_plugin/install/f16_hud_rviz_plugin/share/f16_hud_rviz_plugin/launch/hud_demo.launch.py
[6.396s] -- Up-to-date: /home/dingo/Programming/rviz2_imu_display_plugin/install/f16_hud_rviz_plugin/share/f16_hud_rviz_plugin/config
[6.396s] -- Up-to-date: /home/dingo/Programming/rviz2_imu_display_plugin/install/f16_hud_rviz_plugin/share/f16_hud_rviz_plugin/config/hud_config.rviz
[6.396s] -- Up-to-date: /home/dingo/Programming/rviz2_imu_display_plugin/install/f16_hud_rviz_plugin/include
[6.396s] -- Up-to-date: /home/dingo/Programming/rviz2_imu_display_plugin/install/f16_hud_rviz_plugin/include/f16_hud_rviz_plugin
[6.396s] -- Up-to-date: /home/dingo/Programming/rviz2_imu_display_plugin/install/f16_hud_rviz_plugin/include/f16_hud_rviz_plugin/f16_hud_visual.hpp
[6.396s] -- Up-to-date: /home/dingo/Programming/rviz2_imu_display_plugin/install/f16_hud_rviz_plugin/include/f16_hud_rviz_plugin/imu_processor.hpp
[6.396s] -- Up-to-date: /home/dingo/Programming/rviz2_imu_display_plugin/install/f16_hud_rviz_plugin/include/f16_hud_rviz_plugin/f16_hud_display.hpp
[6.397s] -- Up-to-date: /home/dingo/Programming/rviz2_imu_display_plugin/install/f16_hud_rviz_plugin/share/f16_hud_rviz_plugin/environment/library_path.sh
[6.397s] -- Up-to-date: /home/dingo/Programming/rviz2_imu_display_plugin/install/f16_hud_rviz_plugin/share/f16_hud_rviz_plugin/environment/library_path.dsv
[6.397s] -- Up-to-date: /home/dingo/Programming/rviz2_imu_display_plugin/install/f16_hud_rviz_plugin/share/ament_index/resource_index/package_run_dependencies/f16_hud_rviz_plugin
[6.397s] -- Up-to-date: /home/dingo/Programming/rviz2_imu_display_plugin/install/f16_hud_rviz_plugin/share/ament_index/resource_index/parent_prefix_path/f16_hud_rviz_plugin
[6.397s] -- Up-to-date: /home/dingo/Programming/rviz2_imu_display_plugin/install/f16_hud_rviz_plugin/share/f16_hud_rviz_plugin/environment/ament_prefix_path.sh
[6.397s] -- Up-to-date: /home/dingo/Programming/rviz2_imu_display_plugin/install/f16_hud_rviz_plugin/share/f16_hud_rviz_plugin/environment/ament_prefix_path.dsv
[6.397s] -- Up-to-date: /home/dingo/Programming/rviz2_imu_display_plugin/install/f16_hud_rviz_plugin/share/f16_hud_rviz_plugin/environment/path.sh
[6.397s] -- Up-to-date: /home/dingo/Programming/rviz2_imu_display_plugin/install/f16_hud_rviz_plugin/share/f16_hud_rviz_plugin/environment/path.dsv
[6.397s] -- Up-to-date: /home/dingo/Programming/rviz2_imu_display_plugin/install/f16_hud_rviz_plugin/share/f16_hud_rviz_plugin/local_setup.bash
[6.397s] -- Up-to-date: /home/dingo/Programming/rviz2_imu_display_plugin/install/f16_hud_rviz_plugin/share/f16_hud_rviz_plugin/local_setup.sh
[6.397s] -- Up-to-date: /home/dingo/Programming/rviz2_imu_display_plugin/install/f16_hud_rviz_plugin/share/f16_hud_rviz_plugin/local_setup.zsh
[6.397s] -- Up-to-date: /home/dingo/Programming/rviz2_imu_display_plugin/install/f16_hud_rviz_plugin/share/f16_hud_rviz_plugin/local_setup.dsv
[6.397s] -- Installing: /home/dingo/Programming/rviz2_imu_display_plugin/install/f16_hud_rviz_plugin/share/f16_hud_rviz_plugin/package.dsv
[6.397s] -- Up-to-date: /home/dingo/Programming/rviz2_imu_display_plugin/install/f16_hud_rviz_plugin/share/ament_index/resource_index/packages/f16_hud_rviz_plugin
[6.397s] -- Up-to-date: /home/dingo/Programming/rviz2_imu_display_plugin/install/f16_hud_rviz_plugin/share/ament_index/resource_index/rviz_common__pluginlib__plugin/f16_hud_rviz_plugin
[6.397s] -- Up-to-date: /home/dingo/Programming/rviz2_imu_display_plugin/install/f16_hud_rviz_plugin/share/f16_hud_rviz_plugin/cmake/ament_cmake_export_include_directories-extras.cmake
[6.397s] -- Up-to-date: /home/dingo/Programming/rviz2_imu_display_plugin/install/f16_hud_rviz_plugin/share/f16_hud_rviz_plugin/cmake/ament_cmake_export_libraries-extras.cmake
[6.397s] -- Up-to-date: /home/dingo/Programming/rviz2_imu_display_plugin/install/f16_hud_rviz_plugin/share/f16_hud_rviz_plugin/cmake/ament_cmake_export_dependencies-extras.cmake
[6.397s] -- Up-to-date: /home/dingo/Programming/rviz2_imu_display_plugin/install/f16_hud_rviz_plugin/share/f16_hud_rviz_plugin/cmake/f16_hud_rviz_pluginConfig.cmake
[6.397s] -- Up-to-date: /home/dingo/Programming/rviz2_imu_display_plugin/install/f16_hud_rviz_plugin/share/f16_hud_rviz_plugin/cmake/f16_hud_rviz_pluginConfig-version.cmake
[6.397s] -- Up-to-date: /home/dingo/Programming/rviz2_imu_display_plugin/install/f16_hud_rviz_plugin/share/f16_hud_rviz_plugin/package.xml
[6.398s] Invoked command in '/home/dingo/Programming/rviz2_imu_display_plugin/build/f16_hud_rviz_plugin' returned '0': CMAKE_PREFIX_PATH=${CMAKE_PREFIX_PATH}:/opt/ros/jazzy DEBUGINFOD_URLS=https://debuginfod.ubuntu.com /usr/bin/cmake --install /home/dingo/Programming/rviz2_imu_display_plugin/build/f16_hud_rviz_plugin
